# JRE version: OpenJDK Runtime Environment (11.0.10+9) (build 11.0.10+9-Ubuntu-0ubuntu1.18.04)
# Java VM: OpenJDK 64-Bit Server VM (11.0.10+9-Ubuntu-0ubuntu1.18.04, mixed mode, sharing, tiered, compressed oops, g1 gc, linux-amd64)
Heap:
 garbage-first heap   total 147456K, used 35150K [0x00000000c0000000, 0x0000000100000000)
  region size 1024K, 4 young (4096K), 1 survivors (1024K)
 Metaspace       used 58821K, capacity 62150K, committed 62244K, reserved 1101824K
  class space    used 8798K, capacity 10528K, committed 10532K, reserved 1048576K
GC Heap History (20 events):
Event: 2.246 GC heap before
{Heap before GC invocations=3 (full 0):
 garbage-first heap   total 104448K, used 48194K [0x00000000c0000000, 0x0000000100000000)
  region size 1024K, 32 young (32768K), 3 survivors (3072K)
 Metaspace       used 13457K, capacity 14974K, committed 15232K, reserved 1062912K
  class space    used 2037K, capacity 2307K, committed 2432K, reserved 1048576K
}
Event: 2.253 GC heap after
{Heap after GC invocations=4 (full 0):
 garbage-first heap   total 104448K, used 19992K [0x00000000c0000000, 0x0000000100000000)
  region size 1024K, 2 young (2048K), 2 survivors (2048K)
 Metaspace       used 13457K, capacity 14974K, committed 15232K, reserved 1062912K
  class space    used 2037K, capacity 2307K, committed 2432K, reserved 1048576K
}
Event: 3.151 GC heap before
{Heap before GC invocations=4 (full 0):
 garbage-first heap   total 104448K, used 55832K [0x00000000c0000000, 0x0000000100000000)
  region size 1024K, 37 young (37888K), 2 survivors (2048K)
 Metaspace       used 19404K, capacity 20228K, committed 20608K, reserved 1067008K
  class space    used 2923K, capacity 3350K, committed 3456K, reserved 1048576K
}
Event: 3.164 GC heap after
{Heap after GC invocations=5 (full 0):
 garbage-first heap   total 104448K, used 21355K [0x00000000c0000000, 0x0000000100000000)
  region size 1024K, 3 young (3072K), 3 survivors (3072K)
 Metaspace       used 19404K, capacity 20228K, committed 20608K, reserved 1067008K
  class space    used 2923K, capacity 3350K, committed 3456K, reserved 1048576K
}
Event: 3.237 GC heap before
{Heap before GC invocations=5 (full 0):
 garbage-first heap   total 104448K, used 27499K [0x00000000c0000000, 0x0000000100000000)
  region size 1024K, 10 young (10240K), 3 survivors (3072K)
 Metaspace       used 20447K, capacity 21232K, committed 21296K, reserved 1067008K
  class space    used 3030K, capacity 3455K, committed 3456K, reserved 1048576K
}
Event: 3.242 GC heap after
{Heap after GC invocations=6 (full 0):
 garbage-first heap   total 147456K, used 21616K [0x00000000c0000000, 0x0000000100000000)
  region size 1024K, 3 young (3072K), 3 survivors (3072K)
 Metaspace       used 20447K, capacity 21232K, committed 21296K, reserved 1067008K
  class space    used 3030K, capacity 3455K, committed 3456K, reserved 1048576K
}
Event: 4.131 GC heap before
{Heap before GC invocations=7 (full 0):
 garbage-first heap   total 147456K, used 86128K [0x00000000c0000000, 0x0000000100000000)
  region size 1024K, 66 young (67584K), 3 survivors (3072K)
 Metaspace       used 33297K, capacity 34618K, committed 34816K, reserved 1079296K
  class space    used 4862K, capacity 5552K, committed 5632K, reserved 1048576K
}
Event: 4.140 GC heap after
{Heap after GC invocations=8 (full 0):
 garbage-first heap   total 147456K, used 25153K [0x00000000c0000000, 0x0000000100000000)
  region size 1024K, 7 young (7168K), 7 survivors (7168K)
 Metaspace       used 33297K, capacity 34618K, committed 34816K, reserved 1079296K
  class space    used 4862K, capacity 5552K, committed 5632K, reserved 1048576K
}
Event: 4.194 GC heap before
{Heap before GC invocations=8 (full 0):
 garbage-first heap   total 147456K, used 30273K [0x00000000c0000000, 0x0000000100000000)
  region size 1024K, 13 young (13312K), 7 survivors (7168K)
 Metaspace       used 34394K, capacity 35738K, committed 35968K, reserved 1079296K
  class space    used 4945K, capacity 5648K, committed 5760K, reserved 1048576K
}
Event: 4.203 GC heap after
{Heap after GC invocations=9 (full 0):
 garbage-first heap   total 147456K, used 25679K [0x00000000c0000000, 0x0000000100000000)
  region size 1024K, 6 young (6144K), 6 survivors (6144K)
 Metaspace       used 34394K, capacity 35738K, committed 35968K, reserved 1079296K
  class space    used 4945K, capacity 5648K, committed 5760K, reserved 1048576K
}
Event: 5.066 GC heap before
{Heap before GC invocations=10 (full 0):
 garbage-first heap   total 147456K, used 102479K [0x00000000c0000000, 0x0000000100000000)
  region size 1024K, 76 young (77824K), 6 survivors (6144K)
 Metaspace       used 45283K, capacity 47246K, committed 47488K, reserved 1089536K
  class space    used 6649K, capacity 7684K, committed 7808K, reserved 1048576K
}
Event: 5.076 GC heap after
{Heap after GC invocations=11 (full 0):
 garbage-first heap   total 147456K, used 27217K [0x00000000c0000000, 0x0000000100000000)
  region size 1024K, 8 young (8192K), 8 survivors (8192K)
 Metaspace       used 45283K, capacity 47246K, committed 47488K, reserved 1089536K
  class space    used 6649K, capacity 7684K, committed 7808K, reserved 1048576K
}
Event: 6.422 GC heap before
{Heap before GC invocations=11 (full 0):
 garbage-first heap   total 147456K, used 115281K [0x00000000c0000000, 0x0000000100000000)
  region size 1024K, 85 young (87040K), 8 survivors (8192K)
 Metaspace       used 52169K, capacity 55046K, committed 55168K, reserved 1095680K
  class space    used 7863K, capacity 9344K, committed 9344K, reserved 1048576K
}
Event: 6.459 GC heap after
{Heap after GC invocations=12 (full 0):
 garbage-first heap   total 147456K, used 30597K [0x00000000c0000000, 0x0000000100000000)
  region size 1024K, 6 young (6144K), 6 survivors (6144K)
 Metaspace       used 52169K, capacity 55046K, committed 55168K, reserved 1095680K
  class space    used 7863K, capacity 9344K, committed 9344K, reserved 1048576K
}
Event: 6.922 GC heap before
{Heap before GC invocations=12 (full 0):
 garbage-first heap   total 147456K, used 68485K [0x00000000c0000000, 0x0000000100000000)
  region size 1024K, 40 young (40960K), 6 survivors (6144K)
 Metaspace       used 57286K, capacity 60307K, committed 60376K, reserved 1099776K
  class space    used 8556K, capacity 10139K, committed 10200K, reserved 1048576K
}
Event: 6.930 GC heap after
{Heap after GC invocations=13 (full 0):
 garbage-first heap   total 147456K, used 31825K [0x00000000c0000000, 0x0000000100000000)
  region size 1024K, 7 young (7168K), 7 survivors (7168K)
 Metaspace       used 57286K, capacity 60307K, committed 60376K, reserved 1099776K
  class space    used 8556K, capacity 10139K, committed 10200K, reserved 1048576K
}
Event: 516.901 GC heap before
{Heap before GC invocations=14 (full 0):
 garbage-first heap   total 147456K, used 121937K [0x00000000c0000000, 0x0000000100000000)
  region size 1024K, 68 young (69632K), 7 survivors (7168K)
 Metaspace       used 58548K, capacity 61849K, committed 61988K, reserved 1101824K
  class space    used 8779K, capacity 10471K, committed 10532K, reserved 1048576K
}
Event: 524.044 GC heap after
{Heap after GC invocations=15 (full 0):
 garbage-first heap   total 147456K, used 32410K [0x00000000c0000000, 0x0000000100000000)
  region size 1024K, 6 young (6144K), 6 survivors (6144K)
 Metaspace       used 58548K, capacity 61849K, committed 61988K, reserved 1101824K
  class space    used 8779K, capacity 10471K, committed 10532K, reserved 1048576K
}
Event: 655.564 GC heap before
{Heap before GC invocations=16 (full 0):
 garbage-first heap   total 147456K, used 33434K [0x00000000c0000000, 0x0000000100000000)
  region size 1024K, 7 young (7168K), 6 survivors (6144K)
 Metaspace       used 58683K, capacity 62001K, committed 62244K, reserved 1101824K
  class space    used 8796K, capacity 10525K, committed 10532K, reserved 1048576K
}
Event: 655.663 GC heap after
{Heap after GC invocations=17 (full 0):
 garbage-first heap   total 147456K, used 33102K [0x00000000c0000000, 0x0000000100000000)
  region size 1024K, 1 young (1024K), 1 survivors (1024K)
 Metaspace       used 58683K, capacity 62001K, committed 62244K, reserved 1101824K
  class space    used 8796K, capacity 10525K, committed 10532K, reserved 1048576K
}

